<?xml version="1.0" encoding="UTF-8"?>
<!-- Generated by org.testng.reporters.JUnitReportReporter -->
<testsuite hostname="DESKTOP-UCF6AVJ" failures="0" tests="1" name="scripts.AddingToCart" time="12.108" errors="0" timestamp="2022-02-07T18:03:54 IST" skipped="0">
  <testcase classname="scripts.AddingToCart" name="tc1" time="12.108"/>
  <system-out/>
</testsuite> <!-- scripts.AddingToCart -->
